<?xml version="1.0" encoding="UTF-8"?>
<!-- Generated by org.testng.reporters.JUnitXMLReporter -->
<testsuite ignored="8" hostname="QA1072" failures="0" tests="5" name="Activities" time="66.062" errors="0" timestamp="2024-03-29T18:52:54 IST">
  <testcase classname="com.leafBot.testcases.TC025_RemoveActivity" name="removeActivity" time="40.58"/>
  <testcase classname="com.leafBot.testcases.TC023_EditEventActivity" name="editEventActivity" time="45.397"/>
  <testcase classname="com.leafBot.testcases.TC021_CreateEvent" name="createEvent" time="49.682"/>
  <testcase classname="com.leafBot.testcases.TC024_EditTaskActivity" name="editTaskActivity" time="53.972"/>
  <testcase classname="com.leafBot.testcases.TC022_CreateTask" name="createTask" time="58.867"/>
  <testcase classname="utils.Reporter" name="@BeforeSuite startReport" time="0.0">
    <ignored/>
  </testcase> <!-- @BeforeSuite startReport -->
  <testcase classname="utils.Reporter" name="@BeforeSuite startReport" time="0.0">
    <ignored/>
  </testcase> <!-- @BeforeSuite startReport -->
  <testcase classname="utils.Reporter" name="@BeforeSuite startReport" time="0.0">
    <ignored/>
  </testcase> <!-- @BeforeSuite startReport -->
  <testcase classname="utils.Reporter" name="@BeforeSuite startReport" time="0.0">
    <ignored/>
  </testcase> <!-- @BeforeSuite startReport -->
  <testcase classname="utils.Reporter" name="@AfterSuite stopReport" time="0.0">
    <ignored/>
  </testcase> <!-- @AfterSuite stopReport -->
  <testcase classname="utils.Reporter" name="@AfterSuite stopReport" time="0.0">
    <ignored/>
  </testcase> <!-- @AfterSuite stopReport -->
  <testcase classname="utils.Reporter" name="@AfterSuite stopReport" time="0.0">
    <ignored/>
  </testcase> <!-- @AfterSuite stopReport -->
  <testcase classname="utils.Reporter" name="@AfterSuite stopReport" time="0.0">
    <ignored/>
  </testcase> <!-- @AfterSuite stopReport -->
</testsuite> <!-- Activities -->
