<?xml version="1.0" encoding="UTF-8"?>
<!-- Generated by org.testng.reporters.JUnitXMLReporter -->
<testsuite ignored="2" hostname="QA1072" failures="0" tests="2" name="Opportunity" time="36.641" errors="0" timestamp="2024-03-29T18:50:58 IST">
  <testcase classname="com.leafBot.testcases.TC017_EditOpportunity" name="editOpportunuity" time="25.975"/>
  <testcase classname="com.leafBot.testcases.TC016_CreateOpportunity" name="createOpportunity" time="30.634"/>
  <testcase classname="utils.Reporter" name="@BeforeSuite startReport" time="0.0">
    <ignored/>
  </testcase> <!-- @BeforeSuite startReport -->
  <testcase classname="utils.Reporter" name="@AfterSuite stopReport" time="0.0">
    <ignored/>
  </testcase> <!-- @AfterSuite stopReport -->
</testsuite> <!-- Opportunity -->
