<?xml version="1.0" encoding="UTF-8"?>
<!-- Generated by org.testng.reporters.JUnitXMLReporter -->
<testsuite ignored="2" hostname="QA1072" failures="0" tests="2" name="Order" time="44.209" errors="0" timestamp="2024-03-29T18:53:38 IST">
  <testcase classname="com.leafBot.testcases.TC002_EditOrder" name="editOrder" time="26.262"/>
  <testcase classname="com.leafBot.testcases.TC001_CreateOrder" name="createOrder" time="38.409"/>
  <testcase classname="utils.Reporter" name="@BeforeSuite startReport" time="0.0">
    <ignored/>
  </testcase> <!-- @BeforeSuite startReport -->
  <testcase classname="utils.Reporter" name="@AfterSuite stopReport" time="0.0">
    <ignored/>
  </testcase> <!-- @AfterSuite stopReport -->
</testsuite> <!-- Order -->
