<?xml version="1.0" encoding="UTF-8"?>
<testng-results ignored="0" total="1" passed="1" failed="0" skipped="0">
  <reporter-output>
  </reporter-output>
  <suite started-at="2024-04-24T16:31:08 IST" name="Suite" finished-at="2024-04-24T16:31:37 IST" duration-ms="28874">
    <groups>
    </groups>
    <test started-at="2024-04-24T16:31:08 IST" name="Leads" finished-at="2024-04-24T16:31:37 IST" duration-ms="28874">
      <class name="com.leafBot.testcases.TC003_CreateLead">
        <test-method is-config="true" signature="startReport()[pri:0, instance:com.leafBot.testcases.TC003_CreateLead@74d1dc36]" started-at="2024-04-24T16:31:08 IST" name="startReport" finished-at="2024-04-24T16:31:08 IST" duration-ms="418" status="PASS">
          <reporter-output>
          </reporter-output>
        </test-method> <!-- startReport -->
        <test-method is-config="true" signature="setData()[pri:0, instance:com.leafBot.testcases.TC003_CreateLead@74d1dc36]" started-at="2024-04-24T16:31:08 IST" name="setData" finished-at="2024-04-24T16:31:08 IST" duration-ms="1" status="PASS">
          <reporter-output>
          </reporter-output>
        </test-method> <!-- setData -->
        <test-method is-config="true" signature="report()[pri:0, instance:com.leafBot.testcases.TC003_CreateLead@74d1dc36]" started-at="2024-04-24T16:31:08 IST" name="report" finished-at="2024-04-24T16:31:08 IST" duration-ms="13" status="PASS">
          <reporter-output>
          </reporter-output>
        </test-method> <!-- report -->
        <test-method is-config="true" signature="beforeMethod()[pri:0, instance:com.leafBot.testcases.TC003_CreateLead@74d1dc36]" started-at="2024-04-24T16:31:10 IST" name="beforeMethod" finished-at="2024-04-24T16:31:18 IST" duration-ms="7835" status="PASS">
          <reporter-output>
          </reporter-output>
        </test-method> <!-- beforeMethod -->
        <test-method signature="createLead(java.lang.String,java.lang.String,java.lang.String,java.lang.String,java.lang.String,java.lang.String)[pri:0, instance:com.leafBot.testcases.TC003_CreateLead@74d1dc36]" started-at="2024-04-24T16:31:18 IST" name="createLead" data-provider="fetchData" finished-at="2024-04-24T16:31:37 IST" duration-ms="18811" status="PASS">
          <params>
            <param index="0">
              <value>
                <![CDATA[DemoSalesManager]]>
              </value>
            </param>
            <param index="1">
              <value>
                <![CDATA[crmsfa]]>
              </value>
            </param>
            <param index="2">
              <value>
                <![CDATA[TestLeaf]]>
              </value>
            </param>
            <param index="3">
              <value>
                <![CDATA[Babu]]>
              </value>
            </param>
            <param index="4">
              <value>
                <![CDATA[M]]>
              </value>
            </param>
            <param index="5">
              <value>
                <![CDATA[babu@testleaf.com]]>
              </value>
            </param>
          </params>
          <reporter-output>
          </reporter-output>
        </test-method> <!-- createLead -->
        <test-method is-config="true" signature="afterMethod()[pri:0, instance:com.leafBot.testcases.TC003_CreateLead@74d1dc36]" started-at="2024-04-24T16:31:37 IST" name="afterMethod" finished-at="2024-04-24T16:31:37 IST" duration-ms="194" status="PASS">
          <reporter-output>
          </reporter-output>
        </test-method> <!-- afterMethod -->
        <test-method is-config="true" signature="stopReport()[pri:0, instance:com.leafBot.testcases.TC003_CreateLead@74d1dc36]" started-at="2024-04-24T16:31:37 IST" name="stopReport" finished-at="2024-04-24T16:31:38 IST" duration-ms="935" status="PASS">
          <reporter-output>
          </reporter-output>
        </test-method> <!-- stopReport -->
      </class> <!-- com.leafBot.testcases.TC003_CreateLead -->
    </test> <!-- Leads -->
  </suite> <!-- Suite -->
</testng-results>
